<?xml version="1.0" encoding="UTF-8"?>
<!DOCTYPE html PUBLIC "-//W3C//DTD XHTML 1.0 Strict//EN" "http://www.w3.org/TR/xhtml1/DTD/xhtml1-strict.dtd">
<html xmlns="http://www.w3.org/1999/xhtml">
<head>
    <title>测试报告</title>
    <meta name="generator" content="HTMLTestRunner 0.8.2.2"/>
    <meta http-equiv="Content-Type" content="text/html; charset=UTF-8"/>
    <link href="http://libs.baidu.com/bootstrap/3.0.3/css/bootstrap.min.css" rel="stylesheet">
    <script src="http://libs.baidu.com/jquery/2.0.0/jquery.min.js"></script>
    <script src="http://libs.baidu.com/bootstrap/3.0.3/js/bootstrap.min.js"></script>
    
<style type="text/css" media="screen">
body        { font-family: Microsoft YaHei,Tahoma,arial,helvetica,sans-serif;padding: 20px; font-size: 120%; }
table       { font-size: 100%; }
/* -- heading ---------------------------------------------------------------------- */
.heading {
    margin-top: 0ex;
    margin-bottom: 1ex;
}
.heading .description {
    margin-top: 4ex;
    margin-bottom: 6ex;
}
/* -- report ------------------------------------------------------------------------ */
#total_row  { font-weight: bold; }
.passCase   { color: #5cb85c; }
.failCase   { color: #d9534f; font-weight: bold; }
.errorCase  { color: #f0ad4e; font-weight: bold; }
.hiddenRow  { display: none; }
.testcase   { margin-left: 2em; }
</style>

</head>
<body >
<script language="javascript" type="text/javascript">
output_list = Array();
/*level 调整增加只显示通过用例的分类 --Findyou
0:Summary //all hiddenRow
1:Failed  //pt hiddenRow, ft none
2:Pass    //pt none, ft hiddenRow
3:All     //pt none, ft none
*/
function showCase(level) {
    trs = document.getElementsByTagName("tr");
    for (var i = 0; i < trs.length; i++) {
        tr = trs[i];
        id = tr.id;
        if (id.substr(0,2) == 'ft') {
            if (level == 2 || level == 0 ) {
                tr.className = 'hiddenRow';
            }
            else {
                tr.className = '';
            }
        }
        if (id.substr(0,2) == 'pt') {
            if (level < 2) {
                tr.className = 'hiddenRow';
            }
            else {
                tr.className = '';
            }
        }
    }
    //加入【详细】切换文字变化 --Findyou
    detail_class=document.getElementsByClassName('detail');
	//console.log(detail_class.length)
	if (level == 3) {
		for (var i = 0; i < detail_class.length; i++){
			detail_class[i].innerHTML="收起"
		}
	}
	else{
			for (var i = 0; i < detail_class.length; i++){
			detail_class[i].innerHTML="详细"
		}
	}
}
function showClassDetail(cid, count) {
    var id_list = Array(count);
    var toHide = 1;
    for (var i = 0; i < count; i++) {
        //ID修改 点 为 下划线 -Findyou
        tid0 = 't' + cid.substr(1) + '_' + (i+1);
        tid = 'f' + tid0;
        tr = document.getElementById(tid);
        if (!tr) {
            tid = 'p' + tid0;
            tr = document.getElementById(tid);
        }
        id_list[i] = tid;
        if (tr.className) {
            toHide = 0;
        }
    }
    for (var i = 0; i < count; i++) {
        tid = id_list[i];
        //修改点击无法收起的BUG，加入【详细】切换文字变化 --Findyou
        if (toHide) {
            document.getElementById(tid).className = 'hiddenRow';
            document.getElementById(cid).innerText = "详细"
        }
        else {
            document.getElementById(tid).className = '';
            document.getElementById(cid).innerText = "收起"
        }
    }
}
function html_escape(s) {
    s = s.replace(/&/g,'&amp;');
    s = s.replace(/</g,'&lt;');
    s = s.replace(/>/g,'&gt;');
    return s;
}
</script>
<div class='heading'>
<h1 style="font-family: Microsoft YaHei">测试报告</h1>
<p class='attribute'><strong>测试人员 : </strong> 李锦龙</p>
<p class='attribute'><strong>开始时间 : </strong> 2020-11-19 15:24:31</p>
<p class='attribute'><strong>合计耗时 : </strong> 0:01:40.277963</p>
<p class='attribute'><strong>测试结果 : </strong> 共 23，通过 8，错误 15，通过率= 34.78%</p>

<p class='description'>Test the import testcase</p>
</div>


<p id='show_detail_line'>
<a class="btn btn-primary" href='javascript:showCase(0)'>概要{ 34.78% }</a>
<a class="btn btn-danger" href='javascript:showCase(1)'>失败{ 0 }</a>
<a class="btn btn-success" href='javascript:showCase(2)'>通过{ 8 }</a>
<a class="btn btn-info" href='javascript:showCase(3)'>所有{ 23 }</a>
</p>
<table id='result_table' class="table table-condensed table-bordered table-hover">
<colgroup>
<col align='left' />
<col align='right' />
<col align='right' />
<col align='right' />
<col align='right' />
<col align='right' />
</colgroup>
<tr id='header_row' class="text-center success" style="font-weight: bold;font-size: 16px;">
    <td>用例集/测试用例</td>
    <td>总计</td>
    <td>通过</td>
    <td>失败</td>
    <td>错误</td>
    <td>详细</td>
</tr>

<tr class='errorClass warning'>
    <td>test_01_processmanage.MainFun</td>
    <td class="text-center">8</td>
    <td class="text-center">0</td>
    <td class="text-center">0</td>
    <td class="text-center">8</td>
    <td class="text-center"><a href="javascript:showClassDetail('c1',8)" class="detail" id='c1'>详细</a></td>
</tr>

<tr id='ft1_1' class='none'>
    <td class='errorCase'><div class='testcase'>test_01</div></td>
    <td colspan='5' align='center'>
    <!--默认收起错误信息 -Findyou
    <button id='btn_ft1_1' type="button"  class="btn btn-danger btn-xs collapsed" data-toggle="collapse" data-target='#div_ft1_1'>错误</button>
    <div id='div_ft1_1' class="collapse">  -->
    <!-- 默认展开错误信息 -Findyou -->
    <button id='btn_ft1_1' type="button"  class="btn btn-danger btn-xs" data-toggle="collapse" data-target='#div_ft1_1'>错误</button>
    <div id='div_ft1_1' class="collapse in" align="left">
    <pre>
    
ft1_1: Traceback (most recent call last):
  File "D:\pycharm\产品溯源系统测试\testcase\test_01_processmanage.py", line 32, in test_01
    self.x1.test_02_pre()
  File "D:\pycharm\产品溯源系统测试\testcase\processRecord.py", line 28, in test_02_pre
    self.md.find_element_by_link_text("新增流程类别").click()
  File "D:\python3\lib\site-packages\selenium\webdriver\remote\webdriver.py", line 428, in find_element_by_link_text
    return self.find_element(by=By.LINK_TEXT, value=link_text)
  File "D:\python3\lib\site-packages\selenium\webdriver\remote\webdriver.py", line 978, in find_element
    'value': value})['value']
  File "D:\python3\lib\site-packages\selenium\webdriver\remote\webdriver.py", line 321, in execute
    self.error_handler.check_response(response)
  File "D:\python3\lib\site-packages\selenium\webdriver\remote\errorhandler.py", line 242, in check_response
    raise exception_class(message, screen, stacktrace)
selenium.common.exceptions.NoSuchElementException: Message: Unable to locate element: 新增流程类别



    </pre>
    </div>
    </td>
</tr>

<tr id='ft1_2' class='none'>
    <td class='errorCase'><div class='testcase'>test_02_1___wcg____1425__</div></td>
    <td colspan='5' align='center'>
    <!--默认收起错误信息 -Findyou
    <button id='btn_ft1_2' type="button"  class="btn btn-danger btn-xs collapsed" data-toggle="collapse" data-target='#div_ft1_2'>错误</button>
    <div id='div_ft1_2' class="collapse">  -->
    <!-- 默认展开错误信息 -Findyou -->
    <button id='btn_ft1_2' type="button"  class="btn btn-danger btn-xs" data-toggle="collapse" data-target='#div_ft1_2'>错误</button>
    <div id='div_ft1_2' class="collapse in" align="left">
    <pre>
    
ft1_2: Traceback (most recent call last):
  File "D:\python3\lib\site-packages\ddt.py", line 182, in wrapper
    return func(self, *args, **kwargs)
  File "D:\pycharm\产品溯源系统测试\testcase\test_01_processmanage.py", line 39, in test_02
    self.x2.test_02_addRecord(p1,p2)
  File "D:\pycharm\产品溯源系统测试\testcase\processRecord.py", line 33, in test_02_addRecord
    self.md.find_element_by_css_selector(".col-sm-4 &gt; input:nth-child(1)").send_keys(p1)
  File "D:\python3\lib\site-packages\selenium\webdriver\remote\webdriver.py", line 598, in find_element_by_css_selector
    return self.find_element(by=By.CSS_SELECTOR, value=css_selector)
  File "D:\python3\lib\site-packages\selenium\webdriver\remote\webdriver.py", line 978, in find_element
    'value': value})['value']
  File "D:\python3\lib\site-packages\selenium\webdriver\remote\webdriver.py", line 321, in execute
    self.error_handler.check_response(response)
  File "D:\python3\lib\site-packages\selenium\webdriver\remote\errorhandler.py", line 242, in check_response
    raise exception_class(message, screen, stacktrace)
selenium.common.exceptions.NoSuchElementException: Message: Unable to locate element: .col-sm-4 &gt; input:nth-child(1)



    </pre>
    </div>
    </td>
</tr>

<tr id='ft1_3' class='none'>
    <td class='errorCase'><div class='testcase'>test_02_2___test_05____123__</div></td>
    <td colspan='5' align='center'>
    <!--默认收起错误信息 -Findyou
    <button id='btn_ft1_3' type="button"  class="btn btn-danger btn-xs collapsed" data-toggle="collapse" data-target='#div_ft1_3'>错误</button>
    <div id='div_ft1_3' class="collapse">  -->
    <!-- 默认展开错误信息 -Findyou -->
    <button id='btn_ft1_3' type="button"  class="btn btn-danger btn-xs" data-toggle="collapse" data-target='#div_ft1_3'>错误</button>
    <div id='div_ft1_3' class="collapse in" align="left">
    <pre>
    
ft1_3: Traceback (most recent call last):
  File "D:\python3\lib\site-packages\ddt.py", line 182, in wrapper
    return func(self, *args, **kwargs)
  File "D:\pycharm\产品溯源系统测试\testcase\test_01_processmanage.py", line 39, in test_02
    self.x2.test_02_addRecord(p1,p2)
  File "D:\pycharm\产品溯源系统测试\testcase\processRecord.py", line 33, in test_02_addRecord
    self.md.find_element_by_css_selector(".col-sm-4 &gt; input:nth-child(1)").send_keys(p1)
  File "D:\python3\lib\site-packages\selenium\webdriver\remote\webdriver.py", line 598, in find_element_by_css_selector
    return self.find_element(by=By.CSS_SELECTOR, value=css_selector)
  File "D:\python3\lib\site-packages\selenium\webdriver\remote\webdriver.py", line 978, in find_element
    'value': value})['value']
  File "D:\python3\lib\site-packages\selenium\webdriver\remote\webdriver.py", line 321, in execute
    self.error_handler.check_response(response)
  File "D:\python3\lib\site-packages\selenium\webdriver\remote\errorhandler.py", line 242, in check_response
    raise exception_class(message, screen, stacktrace)
selenium.common.exceptions.NoSuchElementException: Message: Unable to locate element: .col-sm-4 &gt; input:nth-child(1)



    </pre>
    </div>
    </td>
</tr>

<tr id='ft1_4' class='none'>
    <td class='errorCase'><div class='testcase'>test_02_3___test_04____234__</div></td>
    <td colspan='5' align='center'>
    <!--默认收起错误信息 -Findyou
    <button id='btn_ft1_4' type="button"  class="btn btn-danger btn-xs collapsed" data-toggle="collapse" data-target='#div_ft1_4'>错误</button>
    <div id='div_ft1_4' class="collapse">  -->
    <!-- 默认展开错误信息 -Findyou -->
    <button id='btn_ft1_4' type="button"  class="btn btn-danger btn-xs" data-toggle="collapse" data-target='#div_ft1_4'>错误</button>
    <div id='div_ft1_4' class="collapse in" align="left">
    <pre>
    
ft1_4: Traceback (most recent call last):
  File "D:\python3\lib\site-packages\ddt.py", line 182, in wrapper
    return func(self, *args, **kwargs)
  File "D:\pycharm\产品溯源系统测试\testcase\test_01_processmanage.py", line 39, in test_02
    self.x2.test_02_addRecord(p1,p2)
  File "D:\pycharm\产品溯源系统测试\testcase\processRecord.py", line 33, in test_02_addRecord
    self.md.find_element_by_css_selector(".col-sm-4 &gt; input:nth-child(1)").send_keys(p1)
  File "D:\python3\lib\site-packages\selenium\webdriver\remote\webdriver.py", line 598, in find_element_by_css_selector
    return self.find_element(by=By.CSS_SELECTOR, value=css_selector)
  File "D:\python3\lib\site-packages\selenium\webdriver\remote\webdriver.py", line 978, in find_element
    'value': value})['value']
  File "D:\python3\lib\site-packages\selenium\webdriver\remote\webdriver.py", line 321, in execute
    self.error_handler.check_response(response)
  File "D:\python3\lib\site-packages\selenium\webdriver\remote\errorhandler.py", line 242, in check_response
    raise exception_class(message, screen, stacktrace)
selenium.common.exceptions.NoSuchElementException: Message: Unable to locate element: .col-sm-4 &gt; input:nth-child(1)



    </pre>
    </div>
    </td>
</tr>

<tr id='ft1_5' class='none'>
    <td class='errorCase'><div class='testcase'>test_02_4___test_03____158__</div></td>
    <td colspan='5' align='center'>
    <!--默认收起错误信息 -Findyou
    <button id='btn_ft1_5' type="button"  class="btn btn-danger btn-xs collapsed" data-toggle="collapse" data-target='#div_ft1_5'>错误</button>
    <div id='div_ft1_5' class="collapse">  -->
    <!-- 默认展开错误信息 -Findyou -->
    <button id='btn_ft1_5' type="button"  class="btn btn-danger btn-xs" data-toggle="collapse" data-target='#div_ft1_5'>错误</button>
    <div id='div_ft1_5' class="collapse in" align="left">
    <pre>
    
ft1_5: Traceback (most recent call last):
  File "D:\python3\lib\site-packages\ddt.py", line 182, in wrapper
    return func(self, *args, **kwargs)
  File "D:\pycharm\产品溯源系统测试\testcase\test_01_processmanage.py", line 39, in test_02
    self.x2.test_02_addRecord(p1,p2)
  File "D:\pycharm\产品溯源系统测试\testcase\processRecord.py", line 33, in test_02_addRecord
    self.md.find_element_by_css_selector(".col-sm-4 &gt; input:nth-child(1)").send_keys(p1)
  File "D:\python3\lib\site-packages\selenium\webdriver\remote\webdriver.py", line 598, in find_element_by_css_selector
    return self.find_element(by=By.CSS_SELECTOR, value=css_selector)
  File "D:\python3\lib\site-packages\selenium\webdriver\remote\webdriver.py", line 978, in find_element
    'value': value})['value']
  File "D:\python3\lib\site-packages\selenium\webdriver\remote\webdriver.py", line 321, in execute
    self.error_handler.check_response(response)
  File "D:\python3\lib\site-packages\selenium\webdriver\remote\errorhandler.py", line 242, in check_response
    raise exception_class(message, screen, stacktrace)
selenium.common.exceptions.NoSuchElementException: Message: Unable to locate element: .col-sm-4 &gt; input:nth-child(1)



    </pre>
    </div>
    </td>
</tr>

<tr id='ft1_6' class='none'>
    <td class='errorCase'><div class='testcase'>test_03</div></td>
    <td colspan='5' align='center'>
    <!--默认收起错误信息 -Findyou
    <button id='btn_ft1_6' type="button"  class="btn btn-danger btn-xs collapsed" data-toggle="collapse" data-target='#div_ft1_6'>错误</button>
    <div id='div_ft1_6' class="collapse">  -->
    <!-- 默认展开错误信息 -Findyou -->
    <button id='btn_ft1_6' type="button"  class="btn btn-danger btn-xs" data-toggle="collapse" data-target='#div_ft1_6'>错误</button>
    <div id='div_ft1_6' class="collapse in" align="left">
    <pre>
    
ft1_6: Traceback (most recent call last):
  File "D:\pycharm\产品溯源系统测试\testcase\test_01_processmanage.py", line 46, in test_03
    self.x3.test_02_searchRecord()
  File "D:\pycharm\产品溯源系统测试\testcase\reordManage.py", line 32, in test_02_searchRecord
    self.md.find_element_by_link_text("流程类别管理").click()
  File "D:\python3\lib\site-packages\selenium\webdriver\remote\webdriver.py", line 428, in find_element_by_link_text
    return self.find_element(by=By.LINK_TEXT, value=link_text)
  File "D:\python3\lib\site-packages\selenium\webdriver\remote\webdriver.py", line 978, in find_element
    'value': value})['value']
  File "D:\python3\lib\site-packages\selenium\webdriver\remote\webdriver.py", line 321, in execute
    self.error_handler.check_response(response)
  File "D:\python3\lib\site-packages\selenium\webdriver\remote\errorhandler.py", line 242, in check_response
    raise exception_class(message, screen, stacktrace)
selenium.common.exceptions.NoSuchElementException: Message: Unable to locate element: 流程类别管理



    </pre>
    </div>
    </td>
</tr>

<tr id='ft1_7' class='none'>
    <td class='errorCase'><div class='testcase'>test_04</div></td>
    <td colspan='5' align='center'>
    <!--默认收起错误信息 -Findyou
    <button id='btn_ft1_7' type="button"  class="btn btn-danger btn-xs collapsed" data-toggle="collapse" data-target='#div_ft1_7'>错误</button>
    <div id='div_ft1_7' class="collapse">  -->
    <!-- 默认展开错误信息 -Findyou -->
    <button id='btn_ft1_7' type="button"  class="btn btn-danger btn-xs" data-toggle="collapse" data-target='#div_ft1_7'>错误</button>
    <div id='div_ft1_7' class="collapse in" align="left">
    <pre>
    
ft1_7: Traceback (most recent call last):
  File "D:\pycharm\产品溯源系统测试\testcase\test_01_processmanage.py", line 61, in test_04
    self.ad.test_01_add()
  File "D:\pycharm\产品溯源系统测试\testcase\addRecord.py", line 21, in test_01_add
    self.md.find_element_by_link_text("录入流程记录").click()
  File "D:\python3\lib\site-packages\selenium\webdriver\remote\webdriver.py", line 428, in find_element_by_link_text
    return self.find_element(by=By.LINK_TEXT, value=link_text)
  File "D:\python3\lib\site-packages\selenium\webdriver\remote\webdriver.py", line 978, in find_element
    'value': value})['value']
  File "D:\python3\lib\site-packages\selenium\webdriver\remote\webdriver.py", line 321, in execute
    self.error_handler.check_response(response)
  File "D:\python3\lib\site-packages\selenium\webdriver\remote\errorhandler.py", line 242, in check_response
    raise exception_class(message, screen, stacktrace)
selenium.common.exceptions.NoSuchElementException: Message: Unable to locate element: 录入流程记录



    </pre>
    </div>
    </td>
</tr>

<tr id='ft1_8' class='none'>
    <td class='errorCase'><div class='testcase'>test_05</div></td>
    <td colspan='5' align='center'>
    <!--默认收起错误信息 -Findyou
    <button id='btn_ft1_8' type="button"  class="btn btn-danger btn-xs collapsed" data-toggle="collapse" data-target='#div_ft1_8'>错误</button>
    <div id='div_ft1_8' class="collapse">  -->
    <!-- 默认展开错误信息 -Findyou -->
    <button id='btn_ft1_8' type="button"  class="btn btn-danger btn-xs" data-toggle="collapse" data-target='#div_ft1_8'>错误</button>
    <div id='div_ft1_8' class="collapse in" align="left">
    <pre>
    
ft1_8: Traceback (most recent call last):
  File "D:\pycharm\产品溯源系统测试\testcase\test_01_processmanage.py", line 68, in test_05
    self.x5.test_02_searchMsg()
  File "D:\pycharm\产品溯源系统测试\testcase\msgManage.py", line 24, in test_02_searchMsg
    self.md.find_element_by_css_selector(".sub-menu:nth-child(3) li:nth-child(4) &gt; a").click()
  File "D:\python3\lib\site-packages\selenium\webdriver\remote\webelement.py", line 80, in click
    self._execute(Command.CLICK_ELEMENT)
  File "D:\python3\lib\site-packages\selenium\webdriver\remote\webelement.py", line 633, in _execute
    return self._parent.execute(command, params)
  File "D:\python3\lib\site-packages\selenium\webdriver\remote\webdriver.py", line 321, in execute
    self.error_handler.check_response(response)
  File "D:\python3\lib\site-packages\selenium\webdriver\remote\errorhandler.py", line 242, in check_response
    raise exception_class(message, screen, stacktrace)
selenium.common.exceptions.ElementNotInteractableException: Message: Element &lt;a href="list_lcsy.php"&gt; could not be scrolled into view



    </pre>
    </div>
    </td>
</tr>

<tr class='errorClass warning'>
    <td>test_02_sourcemanage.MainFun_01</td>
    <td class="text-center">10</td>
    <td class="text-center">8</td>
    <td class="text-center">0</td>
    <td class="text-center">2</td>
    <td class="text-center"><a href="javascript:showClassDetail('c2',10)" class="detail" id='c2'>详细</a></td>
</tr>

<tr id='pt2_1' class='hiddenRow'>
    <td class='passCase'><div class='testcase'>test_01</div></td>
    <td colspan='5' align='center'><span class="label label-success success">通过</span></td>
</tr>

<tr id='pt2_2' class='hiddenRow'>
    <td class='passCase'><div class='testcase'>test_02_1___产品质量不合格____helloworld__</div></td>
    <td colspan='5' align='center'><span class="label label-success success">通过</span></td>
</tr>

<tr id='pt2_3' class='hiddenRow'>
    <td class='passCase'><div class='testcase'>test_02_2___物流码____helloworld__</div></td>
    <td colspan='5' align='center'><span class="label label-success success">通过</span></td>
</tr>

<tr id='pt2_4' class='hiddenRow'>
    <td class='passCase'><div class='testcase'>test_02_3___ASD____helloworld__</div></td>
    <td colspan='5' align='center'><span class="label label-success success">通过</span></td>
</tr>

<tr id='pt2_5' class='hiddenRow'>
    <td class='passCase'><div class='testcase'>test_02_4___损坏____helloworld__</div></td>
    <td colspan='5' align='center'><span class="label label-success success">通过</span></td>
</tr>

<tr id='pt2_6' class='hiddenRow'>
    <td class='passCase'><div class='testcase'>test_02_5___物流码____helloworld__</div></td>
    <td colspan='5' align='center'><span class="label label-success success">通过</span></td>
</tr>

<tr id='pt2_7' class='hiddenRow'>
    <td class='passCase'><div class='testcase'>test_02_6___1____helloworld__</div></td>
    <td colspan='5' align='center'><span class="label label-success success">通过</span></td>
</tr>

<tr id='pt2_8' class='hiddenRow'>
    <td class='passCase'><div class='testcase'>test_03</div></td>
    <td colspan='5' align='center'><span class="label label-success success">通过</span></td>
</tr>

<tr id='ft2_9' class='none'>
    <td class='errorCase'><div class='testcase'>test_04</div></td>
    <td colspan='5' align='center'>
    <!--默认收起错误信息 -Findyou
    <button id='btn_ft2_9' type="button"  class="btn btn-danger btn-xs collapsed" data-toggle="collapse" data-target='#div_ft2_9'>错误</button>
    <div id='div_ft2_9' class="collapse">  -->
    <!-- 默认展开错误信息 -Findyou -->
    <button id='btn_ft2_9' type="button"  class="btn btn-danger btn-xs" data-toggle="collapse" data-target='#div_ft2_9'>错误</button>
    <div id='div_ft2_9' class="collapse in" align="left">
    <pre>
    
ft2_9: Traceback (most recent call last):
  File "D:\pycharm\产品溯源系统测试\testcase\test_02_sourcemanage.py", line 67, in test_04
    self.s4.batch_Pc()
  File "D:\pycharm\产品溯源系统测试\testcase\batchSource.py", line 48, in batch_Pc
    Select(self.md.find_element_by_id("s1")).select_by_visible_text("202010121")
  File "D:\python3\lib\site-packages\selenium\webdriver\support\select.py", line 140, in select_by_visible_text
    raise NoSuchElementException("Could not locate element with visible text: %s" % text)
selenium.common.exceptions.NoSuchElementException: Message: Could not locate element with visible text: 202010121



    </pre>
    </div>
    </td>
</tr>

<tr id='ft2_10' class='none'>
    <td class='errorCase'><div class='testcase'>test_05</div></td>
    <td colspan='5' align='center'>
    <!--默认收起错误信息 -Findyou
    <button id='btn_ft2_10' type="button"  class="btn btn-danger btn-xs collapsed" data-toggle="collapse" data-target='#div_ft2_10'>错误</button>
    <div id='div_ft2_10' class="collapse">  -->
    <!-- 默认展开错误信息 -Findyou -->
    <button id='btn_ft2_10' type="button"  class="btn btn-danger btn-xs" data-toggle="collapse" data-target='#div_ft2_10'>错误</button>
    <div id='div_ft2_10' class="collapse in" align="left">
    <pre>
    
ft2_10: Traceback (most recent call last):
  File "D:\pycharm\产品溯源系统测试\testcase\test_02_sourcemanage.py", line 82, in test_05
    self.s5.test_search()
  File "D:\pycharm\产品溯源系统测试\testcase\sourceRecord.py", line 21, in test_search
    self.md.find_element_by_link_text("溯源操作记录").click()
  File "D:\python3\lib\site-packages\selenium\webdriver\remote\webdriver.py", line 428, in find_element_by_link_text
    return self.find_element(by=By.LINK_TEXT, value=link_text)
  File "D:\python3\lib\site-packages\selenium\webdriver\remote\webdriver.py", line 978, in find_element
    'value': value})['value']
  File "D:\python3\lib\site-packages\selenium\webdriver\remote\webdriver.py", line 321, in execute
    self.error_handler.check_response(response)
  File "D:\python3\lib\site-packages\selenium\webdriver\remote\errorhandler.py", line 242, in check_response
    raise exception_class(message, screen, stacktrace)
selenium.common.exceptions.NoSuchElementException: Message: Unable to locate element: 溯源操作记录



    </pre>
    </div>
    </td>
</tr>

<tr class='errorClass warning'>
    <td>test_03_securitycode.MainFun_02</td>
    <td class="text-center">5</td>
    <td class="text-center">0</td>
    <td class="text-center">0</td>
    <td class="text-center">5</td>
    <td class="text-center"><a href="javascript:showClassDetail('c3',5)" class="detail" id='c3'>详细</a></td>
</tr>

<tr id='ft3_1' class='none'>
    <td class='errorCase'><div class='testcase'>test_01</div></td>
    <td colspan='5' align='center'>
    <!--默认收起错误信息 -Findyou
    <button id='btn_ft3_1' type="button"  class="btn btn-danger btn-xs collapsed" data-toggle="collapse" data-target='#div_ft3_1'>错误</button>
    <div id='div_ft3_1' class="collapse">  -->
    <!-- 默认展开错误信息 -Findyou -->
    <button id='btn_ft3_1' type="button"  class="btn btn-danger btn-xs" data-toggle="collapse" data-target='#div_ft3_1'>错误</button>
    <div id='div_ft3_1' class="collapse in" align="left">
    <pre>
    
ft3_1: Traceback (most recent call last):
  File "D:\pycharm\产品溯源系统测试\testcase\test_03_securitycode.py", line 30, in test_01
    self.s1.test_01_add()
  File "D:\pycharm\产品溯源系统测试\testcase\securityBatchGen.py", line 21, in test_01_add
    self.md.find_element_by_link_text("批量生成防伪码").click()
  File "D:\python3\lib\site-packages\selenium\webdriver\remote\webdriver.py", line 428, in find_element_by_link_text
    return self.find_element(by=By.LINK_TEXT, value=link_text)
  File "D:\python3\lib\site-packages\selenium\webdriver\remote\webdriver.py", line 978, in find_element
    'value': value})['value']
  File "D:\python3\lib\site-packages\selenium\webdriver\remote\webdriver.py", line 321, in execute
    self.error_handler.check_response(response)
  File "D:\python3\lib\site-packages\selenium\webdriver\remote\errorhandler.py", line 242, in check_response
    raise exception_class(message, screen, stacktrace)
selenium.common.exceptions.NoSuchElementException: Message: Unable to locate element: 批量生成防伪码



    </pre>
    </div>
    </td>
</tr>

<tr id='ft3_2' class='none'>
    <td class='errorCase'><div class='testcase'>test_02</div></td>
    <td colspan='5' align='center'>
    <!--默认收起错误信息 -Findyou
    <button id='btn_ft3_2' type="button"  class="btn btn-danger btn-xs collapsed" data-toggle="collapse" data-target='#div_ft3_2'>错误</button>
    <div id='div_ft3_2' class="collapse">  -->
    <!-- 默认展开错误信息 -Findyou -->
    <button id='btn_ft3_2' type="button"  class="btn btn-danger btn-xs" data-toggle="collapse" data-target='#div_ft3_2'>错误</button>
    <div id='div_ft3_2' class="collapse in" align="left">
    <pre>
    
ft3_2: Traceback (most recent call last):
  File "D:\pycharm\产品溯源系统测试\testcase\test_03_securitycode.py", line 36, in test_02
    self.s2.test_Imp()
  File "D:\pycharm\产品溯源系统测试\testcase\securitybatchimp.py", line 20, in test_Imp
    self.md.find_element_by_link_text("批量导入防伪码").click()
  File "D:\python3\lib\site-packages\selenium\webdriver\remote\webdriver.py", line 428, in find_element_by_link_text
    return self.find_element(by=By.LINK_TEXT, value=link_text)
  File "D:\python3\lib\site-packages\selenium\webdriver\remote\webdriver.py", line 978, in find_element
    'value': value})['value']
  File "D:\python3\lib\site-packages\selenium\webdriver\remote\webdriver.py", line 321, in execute
    self.error_handler.check_response(response)
  File "D:\python3\lib\site-packages\selenium\webdriver\remote\errorhandler.py", line 242, in check_response
    raise exception_class(message, screen, stacktrace)
selenium.common.exceptions.NoSuchElementException: Message: Unable to locate element: 批量导入防伪码



    </pre>
    </div>
    </td>
</tr>

<tr id='ft3_3' class='none'>
    <td class='errorCase'><div class='testcase'>test_03</div></td>
    <td colspan='5' align='center'>
    <!--默认收起错误信息 -Findyou
    <button id='btn_ft3_3' type="button"  class="btn btn-danger btn-xs collapsed" data-toggle="collapse" data-target='#div_ft3_3'>错误</button>
    <div id='div_ft3_3' class="collapse">  -->
    <!-- 默认展开错误信息 -Findyou -->
    <button id='btn_ft3_3' type="button"  class="btn btn-danger btn-xs" data-toggle="collapse" data-target='#div_ft3_3'>错误</button>
    <div id='div_ft3_3' class="collapse in" align="left">
    <pre>
    
ft3_3: Traceback (most recent call last):
  File "D:\pycharm\产品溯源系统测试\testcase\test_03_securitycode.py", line 40, in test_03
    self.s3.test_One()
  File "D:\pycharm\产品溯源系统测试\testcase\securityOne.py", line 20, in test_One
    self.md.find_element_by_link_text("单个生成防伪码").click()
  File "D:\python3\lib\site-packages\selenium\webdriver\remote\webdriver.py", line 428, in find_element_by_link_text
    return self.find_element(by=By.LINK_TEXT, value=link_text)
  File "D:\python3\lib\site-packages\selenium\webdriver\remote\webdriver.py", line 978, in find_element
    'value': value})['value']
  File "D:\python3\lib\site-packages\selenium\webdriver\remote\webdriver.py", line 321, in execute
    self.error_handler.check_response(response)
  File "D:\python3\lib\site-packages\selenium\webdriver\remote\errorhandler.py", line 242, in check_response
    raise exception_class(message, screen, stacktrace)
selenium.common.exceptions.NoSuchElementException: Message: Unable to locate element: 单个生成防伪码



    </pre>
    </div>
    </td>
</tr>

<tr id='ft3_4' class='none'>
    <td class='errorCase'><div class='testcase'>test_04</div></td>
    <td colspan='5' align='center'>
    <!--默认收起错误信息 -Findyou
    <button id='btn_ft3_4' type="button"  class="btn btn-danger btn-xs collapsed" data-toggle="collapse" data-target='#div_ft3_4'>错误</button>
    <div id='div_ft3_4' class="collapse">  -->
    <!-- 默认展开错误信息 -Findyou -->
    <button id='btn_ft3_4' type="button"  class="btn btn-danger btn-xs" data-toggle="collapse" data-target='#div_ft3_4'>错误</button>
    <div id='div_ft3_4' class="collapse in" align="left">
    <pre>
    
ft3_4: Traceback (most recent call last):
  File "D:\pycharm\产品溯源系统测试\testcase\test_03_securitycode.py", line 46, in test_04
    self.s4.test_logistic()
  File "D:\pycharm\产品溯源系统测试\testcase\securityBatchEdit.py", line 21, in test_logistic
    self.md.find_element_by_link_text("批量修改防伪码").click()
  File "D:\python3\lib\site-packages\selenium\webdriver\remote\webdriver.py", line 428, in find_element_by_link_text
    return self.find_element(by=By.LINK_TEXT, value=link_text)
  File "D:\python3\lib\site-packages\selenium\webdriver\remote\webdriver.py", line 978, in find_element
    'value': value})['value']
  File "D:\python3\lib\site-packages\selenium\webdriver\remote\webdriver.py", line 321, in execute
    self.error_handler.check_response(response)
  File "D:\python3\lib\site-packages\selenium\webdriver\remote\errorhandler.py", line 242, in check_response
    raise exception_class(message, screen, stacktrace)
selenium.common.exceptions.NoSuchElementException: Message: Unable to locate element: 批量修改防伪码



    </pre>
    </div>
    </td>
</tr>

<tr id='ft3_5' class='none'>
    <td class='errorCase'><div class='testcase'>test_05</div></td>
    <td colspan='5' align='center'>
    <!--默认收起错误信息 -Findyou
    <button id='btn_ft3_5' type="button"  class="btn btn-danger btn-xs collapsed" data-toggle="collapse" data-target='#div_ft3_5'>错误</button>
    <div id='div_ft3_5' class="collapse">  -->
    <!-- 默认展开错误信息 -Findyou -->
    <button id='btn_ft3_5' type="button"  class="btn btn-danger btn-xs" data-toggle="collapse" data-target='#div_ft3_5'>错误</button>
    <div id='div_ft3_5' class="collapse in" align="left">
    <pre>
    
ft3_5: Traceback (most recent call last):
  File "D:\pycharm\产品溯源系统测试\testcase\test_03_securitycode.py", line 68, in test_05
    self.s5.test_del_Pc()
  File "D:\pycharm\产品溯源系统测试\testcase\securityDelete.py", line 21, in test_del_Pc
    self.md.find_element_by_link_text("批量删除防伪码").click()
  File "D:\python3\lib\site-packages\selenium\webdriver\remote\webdriver.py", line 428, in find_element_by_link_text
    return self.find_element(by=By.LINK_TEXT, value=link_text)
  File "D:\python3\lib\site-packages\selenium\webdriver\remote\webdriver.py", line 978, in find_element
    'value': value})['value']
  File "D:\python3\lib\site-packages\selenium\webdriver\remote\webdriver.py", line 321, in execute
    self.error_handler.check_response(response)
  File "D:\python3\lib\site-packages\selenium\webdriver\remote\errorhandler.py", line 242, in check_response
    raise exception_class(message, screen, stacktrace)
selenium.common.exceptions.NoSuchElementException: Message: Unable to locate element: 批量删除防伪码



    </pre>
    </div>
    </td>
</tr>

<tr id='total_row' class="text-center active">
    <td>总计</td>
    <td>23</td>
    <td>8</td>
    <td>0</td>
    <td>15</td>
    <td>通过率：34.78%</td>
</tr>
</table>

<div id='ending'>&nbsp;</div>
    <div style=" position:fixed;right:50px; bottom:30px; width:20px; height:20px;cursor:pointer">
    <a href="#"><span class="glyphicon glyphicon-eject" style = "font-size:30px;" aria-hidden="true">
    </span></a></div>
    
</body>
</html>
